Performing C SOURCE FILE Test CMAKE_HAVE_LIBC_PTHREAD failed with the following output:
Change Dir: /home/nabil/gps_ws/build/CMakeFiles/CMakeTmp

Run Build Command(s):/usr/bin/make -f Makefile cmTC_585fc/fast && /usr/bin/make  -f CMakeFiles/cmTC_585fc.dir/build.make CMakeFiles/cmTC_585fc.dir/build
make[1]: Entering directory '/home/nabil/gps_ws/build/CMakeFiles/CMakeTmp'
Building C object CMakeFiles/cmTC_585fc.dir/src.c.o
/usr/bin/cc -DCMAKE_HAVE_LIBC_PTHREAD   -o CMakeFiles/cmTC_585fc.dir/src.c.o -c /home/nabil/gps_ws/build/CMakeFiles/CMakeTmp/src.c
Linking C executable cmTC_585fc
/home/nabil/.local/lib/python3.6/site-packages/cmake/data/bin/cmake -E cmake_link_script CMakeFiles/cmTC_585fc.dir/link.txt --verbose=1
/usr/bin/cc -rdynamic CMakeFiles/cmTC_585fc.dir/src.c.o -o cmTC_585fc 
CMakeFiles/cmTC_585fc.dir/src.c.o: In function `main':
src.c:(.text+0x3e): undefined reference to `pthread_create'
src.c:(.text+0x4a): undefined reference to `pthread_detach'
src.c:(.text+0x56): undefined reference to `pthread_cancel'
src.c:(.text+0x67): undefined reference to `pthread_join'
src.c:(.text+0x7b): undefined reference to `pthread_atfork'
collect2: error: ld returned 1 exit status
CMakeFiles/cmTC_585fc.dir/build.make:98: recipe for target 'cmTC_585fc' failed
make[1]: *** [cmTC_585fc] Error 1
make[1]: Leaving directory '/home/nabil/gps_ws/build/CMakeFiles/CMakeTmp'
Makefile:127: recipe for target 'cmTC_585fc/fast' failed
make: *** [cmTC_585fc/fast] Error 2


Source file was:
#include <pthread.h>

static void* test_func(void* data)
{
  return data;
}

int main(void)
{
  pthread_t thread;
  pthread_create(&thread, NULL, test_func, NULL);
  pthread_detach(thread);
  pthread_cancel(thread);
  pthread_join(thread, NULL);
  pthread_atfork(NULL, NULL, NULL);
  pthread_exit(NULL);

  return 0;
}

Determining if the function pthread_create exists in the pthreads failed with the following output:
Change Dir: /home/nabil/gps_ws/build/CMakeFiles/CMakeTmp

Run Build Command(s):/usr/bin/make -f Makefile cmTC_c1f04/fast && /usr/bin/make  -f CMakeFiles/cmTC_c1f04.dir/build.make CMakeFiles/cmTC_c1f04.dir/build
make[1]: Entering directory '/home/nabil/gps_ws/build/CMakeFiles/CMakeTmp'
Building C object CMakeFiles/cmTC_c1f04.dir/CheckFunctionExists.c.o
/usr/bin/cc   -DCHECK_FUNCTION_EXISTS=pthread_create -o CMakeFiles/cmTC_c1f04.dir/CheckFunctionExists.c.o -c /home/nabil/.local/lib/python3.6/site-packages/cmake/data/share/cmake-3.22/Modules/CheckFunctionExists.c
Linking C executable cmTC_c1f04
/home/nabil/.local/lib/python3.6/site-packages/cmake/data/bin/cmake -E cmake_link_script CMakeFiles/cmTC_c1f04.dir/link.txt --verbose=1
/usr/bin/cc  -DCHECK_FUNCTION_EXISTS=pthread_create -rdynamic CMakeFiles/cmTC_c1f04.dir/CheckFunctionExists.c.o -o cmTC_c1f04  -lpthreads 
/usr/bin/ld: cannot find -lpthreads
collect2: error: ld returned 1 exit status
CMakeFiles/cmTC_c1f04.dir/build.make:98: recipe for target 'cmTC_c1f04' failed
make[1]: *** [cmTC_c1f04] Error 1
make[1]: Leaving directory '/home/nabil/gps_ws/build/CMakeFiles/CMakeTmp'
Makefile:127: recipe for target 'cmTC_c1f04/fast' failed
make: *** [cmTC_c1f04/fast] Error 2



